<?xml version="1.0" encoding="UTF-8"?>
<testsuite name="TelRan.QA.tests.ContactDeleteTest" tests="2" skipped="0" failures="0" errors="0" timestamp="2018-08-21T12:19:07" hostname="alx-nb" time="8.242">
  <properties/>
  <testcase name="firstContactDeletionTest" classname="TelRan.QA.tests.ContactDeleteTest" time="5.762"/>
  <testcase name="lastContactDeletionTest" classname="TelRan.QA.tests.ContactDeleteTest" time="2.479"/>
  <system-out><![CDATA[15:19:07.231 [Test worker] INFO  TelRan.QA.tests.TestBase - Start testfirstContactDeletionTest
[ContactData{id=108, firstName='Last name First name Address All e-mail All phones
Peter Ivanov Prodolna 3-a furmano@gmail.com
furmano@gmail.com 0987654332
Peter Ivanov Prodolna 3-a furmano@gmail.com
furmano@gmail.com 0987654332
Peter Ivanov Prodolna 3-a furmano@gmail.com
furmano@gmail.com 0987654332
Peter Ivanov Prodolna 3-a furmano@gmail.com
furmano@gmail.com 0987654332
Peter Ivanov Prodolna 3-a furmano@gmail.com
furmano@gmail.com 0987654332
Peter Ivanov Prodolna 3-a furmano@gmail.com
furmano@gmail.com 0987654332
Peter Ivanov Prodolna 3-a furmano@gmail.com
furmano@gmail.com 0987654332
Peter Ivanov Prodolna 3-a furmano@gmail.com
furmano@gmail.com 0987654332
Peter Ivanov Prodolna 3-a furmano@gmail.com
furmano@gmail.com 0987654332
Peter Ivanov Prodolna 3-a furmano@gmail.com
furmano@gmail.com 0987654332
Peter Ivanov Prodolna 3-a furmano@gmail.com
furmano@gmail.com 0987654332
Peter Ivanov Prodolna 3-a furmano@gmail.com
furmano@gmail.com 0987654332
Peter1 Ivanov1 Prodolna 3-a furmano@gmail.com
furmano@gmail.com 0987654332
Peter1 Ivanov1 Prodolna 3-a furmano@gmail.com
furmano@gmail.com 0987654332
Peter1 Ivanov1 Prodolna 3-a furmano@gmail.com
furmano@gmail.com 0987654332'}]
[ContactData{id=110, firstName='Last name First name Address All e-mail All phones
Peter Ivanov Prodolna 3-a furmano@gmail.com
furmano@gmail.com 0987654332
Peter Ivanov Prodolna 3-a furmano@gmail.com
furmano@gmail.com 0987654332
Peter Ivanov Prodolna 3-a furmano@gmail.com
furmano@gmail.com 0987654332
Peter Ivanov Prodolna 3-a furmano@gmail.com
furmano@gmail.com 0987654332
Peter Ivanov Prodolna 3-a furmano@gmail.com
furmano@gmail.com 0987654332
Peter Ivanov Prodolna 3-a furmano@gmail.com
furmano@gmail.com 0987654332
Peter Ivanov Prodolna 3-a furmano@gmail.com
furmano@gmail.com 0987654332
Peter Ivanov Prodolna 3-a furmano@gmail.com
furmano@gmail.com 0987654332
Peter Ivanov Prodolna 3-a furmano@gmail.com
furmano@gmail.com 0987654332
Peter Ivanov Prodolna 3-a furmano@gmail.com
furmano@gmail.com 0987654332
Peter Ivanov Prodolna 3-a furmano@gmail.com
furmano@gmail.com 0987654332
Peter1 Ivanov1 Prodolna 3-a furmano@gmail.com
furmano@gmail.com 0987654332
Peter1 Ivanov1 Prodolna 3-a furmano@gmail.com
furmano@gmail.com 0987654332
Peter1 Ivanov1 Prodolna 3-a furmano@gmail.com
furmano@gmail.com 0987654332'}]
[ContactData{id=110, firstName='Last name First name Address All e-mail All phones
Peter Ivanov Prodolna 3-a furmano@gmail.com
furmano@gmail.com 0987654332
Peter Ivanov Prodolna 3-a furmano@gmail.com
furmano@gmail.com 0987654332
Peter Ivanov Prodolna 3-a furmano@gmail.com
furmano@gmail.com 0987654332
Peter Ivanov Prodolna 3-a furmano@gmail.com
furmano@gmail.com 0987654332
Peter Ivanov Prodolna 3-a furmano@gmail.com
furmano@gmail.com 0987654332
Peter Ivanov Prodolna 3-a furmano@gmail.com
furmano@gmail.com 0987654332
Peter Ivanov Prodolna 3-a furmano@gmail.com
furmano@gmail.com 0987654332
Peter Ivanov Prodolna 3-a furmano@gmail.com
furmano@gmail.com 0987654332
Peter Ivanov Prodolna 3-a furmano@gmail.com
furmano@gmail.com 0987654332
Peter Ivanov Prodolna 3-a furmano@gmail.com
furmano@gmail.com 0987654332
Peter Ivanov Prodolna 3-a furmano@gmail.com
furmano@gmail.com 0987654332
Peter1 Ivanov1 Prodolna 3-a furmano@gmail.com
furmano@gmail.com 0987654332
Peter1 Ivanov1 Prodolna 3-a furmano@gmail.com
furmano@gmail.com 0987654332
Peter1 Ivanov1 Prodolna 3-a furmano@gmail.com
furmano@gmail.com 0987654332'}]
[ContactData{id=110, firstName='Last name First name Address All e-mail All phones
Peter Ivanov Prodolna 3-a furmano@gmail.com
furmano@gmail.com 0987654332
Peter Ivanov Prodolna 3-a furmano@gmail.com
furmano@gmail.com 0987654332
Peter Ivanov Prodolna 3-a furmano@gmail.com
furmano@gmail.com 0987654332
Peter Ivanov Prodolna 3-a furmano@gmail.com
furmano@gmail.com 0987654332
Peter Ivanov Prodolna 3-a furmano@gmail.com
furmano@gmail.com 0987654332
Peter Ivanov Prodolna 3-a furmano@gmail.com
furmano@gmail.com 0987654332
Peter Ivanov Prodolna 3-a furmano@gmail.com
furmano@gmail.com 0987654332
Peter Ivanov Prodolna 3-a furmano@gmail.com
furmano@gmail.com 0987654332
Peter Ivanov Prodolna 3-a furmano@gmail.com
furmano@gmail.com 0987654332
Peter Ivanov Prodolna 3-a furmano@gmail.com
furmano@gmail.com 0987654332
Peter Ivanov Prodolna 3-a furmano@gmail.com
furmano@gmail.com 0987654332
Peter1 Ivanov1 Prodolna 3-a furmano@gmail.com
furmano@gmail.com 0987654332
Peter1 Ivanov1 Prodolna 3-a furmano@gmail.com
furmano@gmail.com 0987654332
Peter1 Ivanov1 Prodolna 3-a furmano@gmail.com
furmano@gmail.com 0987654332'}]
]]></system-out>
  <system-err><![CDATA[]]></system-err>
</testsuite>
