<?xml version="1.0" encoding="UTF-8"?>
<testsuite name="TelRan.QA.tests.GroupModificationTest" tests="1" skipped="0" failures="0" errors="0" timestamp="2018-08-06T17:26:31" hostname="alx-nb" time="1.905">
  <properties/>
  <testcase name="testGroupModification" classname="TelRan.QA.tests.GroupModificationTest" time="1.905"/>
  <system-out><![CDATA[]]></system-out>
  <system-err><![CDATA[]]></system-err>
</testsuite>
