<?xml version="1.0" encoding="UTF-8"?>
<testsuite name="TelRan.QA.tests.ContactCreateTest" tests="1" skipped="0" failures="0" errors="0" timestamp="2018-08-16T06:42:33" hostname="alx-nb" time="5.58">
  <properties/>
  <testcase name="testCreationContact" classname="TelRan.QA.tests.ContactCreateTest" time="5.58"/>
  <system-out><![CDATA[]]></system-out>
  <system-err><![CDATA[]]></system-err>
</testsuite>
