<?xml version="1.0" encoding="UTF-8"?>
<testsuite name="TelRan.QA.tests.GroupsDeleteTest" tests="2" skipped="0" failures="0" errors="0" timestamp="2018-08-06T17:26:33" hostname="alx-nb" time="16.855">
  <properties/>
  <testcase name="testFirstDeleteGroup" classname="TelRan.QA.tests.GroupsDeleteTest" time="5.585"/>
  <testcase name="testLastDeleteGroup" classname="TelRan.QA.tests.GroupsDeleteTest" time="11.27"/>
  <system-out><![CDATA[]]></system-out>
  <system-err><![CDATA[]]></system-err>
</testsuite>
