<?xml version="1.0" encoding="UTF-8"?>
<testsuite name="TelRan.QA.tests.GroupsDeleteTest" tests="2" skipped="0" failures="0" errors="0" timestamp="2018-08-16T06:42:15" hostname="alx-nb" time="17.886">
  <properties/>
  <testcase name="testFirstDeleteGroup" classname="TelRan.QA.tests.GroupsDeleteTest" time="5.56"/>
  <testcase name="testLastDeleteGroup" classname="TelRan.QA.tests.GroupsDeleteTest" time="12.323"/>
  <system-out><![CDATA[]]></system-out>
  <system-err><![CDATA[]]></system-err>
</testsuite>
