<?xml version="1.0" encoding="UTF-8"?>
<testsuite name="TelRan.QA.tests.ContactDeleteTest" tests="2" skipped="0" failures="0" errors="0" timestamp="2018-08-06T17:26:50" hostname="alx-nb" time="18.3">
  <properties/>
  <testcase name="firstContactDeletionTest" classname="TelRan.QA.tests.ContactDeleteTest" time="12.902"/>
  <testcase name="lastContactDeletionTest" classname="TelRan.QA.tests.ContactDeleteTest" time="5.395"/>
  <system-out><![CDATA[]]></system-out>
  <system-err><![CDATA[]]></system-err>
</testsuite>
