<?xml version="1.0" encoding="UTF-8"?>
<testsuite name="TelRan.QA.tests.GroupCreateTest" tests="1" skipped="0" failures="0" errors="0" timestamp="2018-08-21T12:18:41" hostname="alx-nb" time="9.525">
  <properties/>
  <testcase name="testCreateGroupTest" classname="TelRan.QA.tests.GroupCreateTest" time="9.525"/>
  <system-out><![CDATA[15:18:41.186 [Test worker] INFO  TelRan.QA.tests.TestBase - Start testtestCreateGroupTest
[Group{id=17, groupName=GroupName, Group{id=18, groupName=GroupName, Group{id=19, groupName=GroupName, Group{id=20, groupName=GroupName, Group{id=21, groupName=GroupName, Group{id=22, groupName=GroupName, Group{id=3, groupName=testGroupName, Group{id=6, groupName=testGroupName, Group{id=7, groupName=testGroupName, Group{id=10, groupName=testGroupName, Group{id=11, groupName=testGroupName, Group{id=14, groupName=testGroupName]
[Group{id=17, groupName=GroupName, Group{id=18, groupName=GroupName, Group{id=19, groupName=GroupName, Group{id=20, groupName=GroupName, Group{id=21, groupName=GroupName, Group{id=22, groupName=GroupName, Group{id=23, groupName=GroupName, Group{id=3, groupName=testGroupName, Group{id=6, groupName=testGroupName, Group{id=7, groupName=testGroupName, Group{id=10, groupName=testGroupName, Group{id=11, groupName=testGroupName, Group{id=14, groupName=testGroupName]
]]></system-out>
  <system-err><![CDATA[]]></system-err>
</testsuite>
