<?xml version="1.0" encoding="UTF-8"?>
<testsuite name="TelRan.QA.tests.ContactCreateTest" tests="1" skipped="0" failures="0" errors="0" timestamp="2018-08-21T12:19:02" hostname="alx-nb" time="5.218">
  <properties/>
  <testcase name="testCreationContact" classname="TelRan.QA.tests.ContactCreateTest" time="5.218"/>
  <system-out><![CDATA[15:19:02.010 [Test worker] INFO  TelRan.QA.tests.TestBase - Start testtestCreationContact
[ContactData{id=108, firstName='Last name First name Address All e-mail All phones
Peter Ivanov Prodolna 3-a furmano@gmail.com
furmano@gmail.com 0987654332
Peter Ivanov Prodolna 3-a furmano@gmail.com
furmano@gmail.com 0987654332
Peter Ivanov Prodolna 3-a furmano@gmail.com
furmano@gmail.com 0987654332
Peter Ivanov Prodolna 3-a furmano@gmail.com
furmano@gmail.com 0987654332
Peter Ivanov Prodolna 3-a furmano@gmail.com
furmano@gmail.com 0987654332
Peter Ivanov Prodolna 3-a furmano@gmail.com
furmano@gmail.com 0987654332
Peter Ivanov Prodolna 3-a furmano@gmail.com
furmano@gmail.com 0987654332
Peter Ivanov Prodolna 3-a furmano@gmail.com
furmano@gmail.com 0987654332
Peter Ivanov Prodolna 3-a furmano@gmail.com
furmano@gmail.com 0987654332
Peter Ivanov Prodolna 3-a furmano@gmail.com
furmano@gmail.com 0987654332
Peter Ivanov Prodolna 3-a furmano@gmail.com
furmano@gmail.com 0987654332
Peter1 Ivanov1 Prodolna 3-a furmano@gmail.com
furmano@gmail.com 0987654332
Peter1 Ivanov1 Prodolna 3-a furmano@gmail.com
furmano@gmail.com 0987654332
Peter1 Ivanov1 Prodolna 3-a furmano@gmail.com
furmano@gmail.com 0987654332'}]
[ContactData{id=108, firstName='Last name First name Address All e-mail All phones
Peter Ivanov Prodolna 3-a furmano@gmail.com
furmano@gmail.com 0987654332
Peter Ivanov Prodolna 3-a furmano@gmail.com
furmano@gmail.com 0987654332
Peter Ivanov Prodolna 3-a furmano@gmail.com
furmano@gmail.com 0987654332
Peter Ivanov Prodolna 3-a furmano@gmail.com
furmano@gmail.com 0987654332
Peter Ivanov Prodolna 3-a furmano@gmail.com
furmano@gmail.com 0987654332
Peter Ivanov Prodolna 3-a furmano@gmail.com
furmano@gmail.com 0987654332
Peter Ivanov Prodolna 3-a furmano@gmail.com
furmano@gmail.com 0987654332
Peter Ivanov Prodolna 3-a furmano@gmail.com
furmano@gmail.com 0987654332
Peter Ivanov Prodolna 3-a furmano@gmail.com
furmano@gmail.com 0987654332
Peter Ivanov Prodolna 3-a furmano@gmail.com
furmano@gmail.com 0987654332
Peter Ivanov Prodolna 3-a furmano@gmail.com
furmano@gmail.com 0987654332
Peter Ivanov Prodolna 3-a furmano@gmail.com
furmano@gmail.com 0987654332
Peter1 Ivanov1 Prodolna 3-a furmano@gmail.com
furmano@gmail.com 0987654332
Peter1 Ivanov1 Prodolna 3-a furmano@gmail.com
furmano@gmail.com 0987654332
Peter1 Ivanov1 Prodolna 3-a furmano@gmail.com
furmano@gmail.com 0987654332'}]
]]></system-out>
  <system-err><![CDATA[]]></system-err>
</testsuite>
